Determining if the pthread_create exist failed with the following output:
Change Dir: /home/s/Masaüstü/PCL-ROS/OCTREE KD-TREE/Octree/build/CMakeFiles/CMakeTmp

Run Build Command:"/usr/bin/make" "cmTC_69c97/fast"
/usr/bin/make -f CMakeFiles/cmTC_69c97.dir/build.make CMakeFiles/cmTC_69c97.dir/build
make[1]: Entering directory '/home/s/Masaüstü/PCL-ROS/OCTREE KD-TREE/Octree/build/CMakeFiles/CMakeTmp'
Building C object CMakeFiles/cmTC_69c97.dir/CheckSymbolExists.c.o
/usr/bin/cc     -o CMakeFiles/cmTC_69c97.dir/CheckSymbolExists.c.o   -c "/home/s/Masaüstü/PCL-ROS/OCTREE KD-TREE/Octree/build/CMakeFiles/CMakeTmp/CheckSymbolExists.c"
Linking C executable cmTC_69c97
/usr/bin/cmake -E cmake_link_script CMakeFiles/cmTC_69c97.dir/link.txt --verbose=1
/usr/bin/cc       CMakeFiles/cmTC_69c97.dir/CheckSymbolExists.c.o  -o cmTC_69c97 -rdynamic 
CMakeFiles/cmTC_69c97.dir/CheckSymbolExists.c.o: In function `main':
CheckSymbolExists.c:(.text+0x16): undefined reference to `pthread_create'
collect2: error: ld returned 1 exit status
CMakeFiles/cmTC_69c97.dir/build.make:97: recipe for target 'cmTC_69c97' failed
make[1]: *** [cmTC_69c97] Error 1
make[1]: Leaving directory '/home/s/Masaüstü/PCL-ROS/OCTREE KD-TREE/Octree/build/CMakeFiles/CMakeTmp'
Makefile:126: recipe for target 'cmTC_69c97/fast' failed
make: *** [cmTC_69c97/fast] Error 2

File /home/s/Masaüstü/PCL-ROS/OCTREE KD-TREE/Octree/build/CMakeFiles/CMakeTmp/CheckSymbolExists.c:
/* */
#include <pthread.h>

int main(int argc, char** argv)
{
  (void)argv;
#ifndef pthread_create
  return ((int*)(&pthread_create))[argc];
#else
  (void)argc;
  return 0;
#endif
}

Determining if the function pthread_create exists in the pthreads failed with the following output:
Change Dir: /home/s/Masaüstü/PCL-ROS/OCTREE KD-TREE/Octree/build/CMakeFiles/CMakeTmp

Run Build Command:"/usr/bin/make" "cmTC_54ad5/fast"
/usr/bin/make -f CMakeFiles/cmTC_54ad5.dir/build.make CMakeFiles/cmTC_54ad5.dir/build
make[1]: Entering directory '/home/s/Masaüstü/PCL-ROS/OCTREE KD-TREE/Octree/build/CMakeFiles/CMakeTmp'
Building C object CMakeFiles/cmTC_54ad5.dir/CheckFunctionExists.c.o
/usr/bin/cc    -DCHECK_FUNCTION_EXISTS=pthread_create   -o CMakeFiles/cmTC_54ad5.dir/CheckFunctionExists.c.o   -c /usr/share/cmake-3.5/Modules/CheckFunctionExists.c
Linking C executable cmTC_54ad5
/usr/bin/cmake -E cmake_link_script CMakeFiles/cmTC_54ad5.dir/link.txt --verbose=1
/usr/bin/cc   -DCHECK_FUNCTION_EXISTS=pthread_create    CMakeFiles/cmTC_54ad5.dir/CheckFunctionExists.c.o  -o cmTC_54ad5 -rdynamic -lpthreads 
/usr/bin/ld: cannot find -lpthreads
collect2: error: ld returned 1 exit status
CMakeFiles/cmTC_54ad5.dir/build.make:97: recipe for target 'cmTC_54ad5' failed
make[1]: *** [cmTC_54ad5] Error 1
make[1]: Leaving directory '/home/s/Masaüstü/PCL-ROS/OCTREE KD-TREE/Octree/build/CMakeFiles/CMakeTmp'
Makefile:126: recipe for target 'cmTC_54ad5/fast' failed
make: *** [cmTC_54ad5/fast] Error 2


